manifest-merger-freeFlavour-release-report.txt
-- Merging decision tree log ---
manifest
ADDED from AndroidManifest.xml:2:1
	xmlns:android
		ADDED from AndroidManifest.xml:2:11
	package
		ADDED from AndroidManifest.xml:3:5
	android:versionName
		ADDED from AndroidManifest.xml:5:5
	android:versionCode
		ADDED from AndroidManifest.xml:4:5
		INJECTED from AndroidManifest.xml:0:0
		INJECTED from AndroidManifest.xml:0:0
supports-screens
ADDED from AndroidManifest.xml:7:5
	android:largeScreens
		ADDED from AndroidManifest.xml:9:11
	android:anyDensity
		ADDED from AndroidManifest.xml:11:11
	android:normalScreens
		ADDED from AndroidManifest.xml:8:11
	android:xlargeScreens
		ADDED from AndroidManifest.xml:10:11
	android:smallScreens
		ADDED from AndroidManifest.xml:7:23
uses-sdk
ADDED from AndroidManifest.xml:13:5
MERGED from StoryStudio:google-play-services_lib_lollipop:unspecified:23:5
MERGED from com.android.support:appcompat-v7:21.0.3:15:5
MERGED from com.android.support:support-v4:21.0.3:15:5
MERGED from com.android.support:android-support-v4-preferencefragment-master:1.0.0:20:5
MERGED from com.android.support:support-v4:21.0.3:15:5
MERGED from StoryStudio:AndroidBootstrap:unspecified:7:5
MERGED from com.rengwuxian.materialedittext:library:1.7.1:6:5
MERGED from com.android.support:appcompat-v7:21.0.3:15:5
MERGED from com.android.support:support-v4:21.0.3:15:5
	android:targetSdkVersion
		ADDED from AndroidManifest.xml:15:9
	android:minSdkVersion
		ADDED from AndroidManifest.xml:14:9
application
ADDED from AndroidManifest.xml:17:5
MERGED from StoryStudio:google-play-services_lib_lollipop:unspecified:25:5
MERGED from com.android.support:appcompat-v7:21.0.3:16:5
MERGED from com.android.support:support-v4:21.0.3:16:5
MERGED from com.android.support:support-v4:21.0.3:16:5
MERGED from StoryStudio:AndroidBootstrap:unspecified:11:5
MERGED from com.android.support:appcompat-v7:21.0.3:16:5
MERGED from com.android.support:support-v4:21.0.3:16:5
	android:label
		ADDED from AndroidManifest.xml:21:9
	android:allowBackup
		ADDED from AndroidManifest.xml:19:9
	android:icon
		ADDED from AndroidManifest.xml:20:9
	android:theme
		ADDED from AndroidManifest.xml:22:9
	android:name
		ADDED from AndroidManifest.xml:18:9
meta-data#com.google.android.gms.version
ADDED from AndroidManifest.xml:24:9
	android:name
		ADDED from AndroidManifest.xml:24:20
	android:value
		ADDED from AndroidManifest.xml:25:12
meta-data#com.google.android.gms.analytics.globalConfigResource
ADDED from AndroidManifest.xml:28:9
	android:resource
		ADDED from AndroidManifest.xml:30:13
	android:name
		ADDED from AndroidManifest.xml:29:13
activity#com.shamu11.storystudio.MainActivity
ADDED from AndroidManifest.xml:35:9
	android:windowSoftInputMode
		ADDED from AndroidManifest.xml:39:13
	android:label
		ADDED from AndroidManifest.xml:38:13
	android:configChanges
		ADDED from AndroidManifest.xml:37:13
	android:name
		ADDED from AndroidManifest.xml:36:13
intent-filter#android.intent.action.MAIN+android.intent.category.LAUNCHER
ADDED from AndroidManifest.xml:40:13
action#android.intent.action.MAIN
ADDED from AndroidManifest.xml:41:17
	android:name
		ADDED from AndroidManifest.xml:41:25
category#android.intent.category.LAUNCHER
ADDED from AndroidManifest.xml:43:17
	android:name
		ADDED from AndroidManifest.xml:43:27
activity#com.google.android.gms.ads.AdActivity
ADDED from AndroidManifest.xml:46:9
	android:configChanges
		ADDED from AndroidManifest.xml:48:13
	android:name
		ADDED from AndroidManifest.xml:47:13
activity#com.shamu11.storystudio.Madlibs
ADDED from AndroidManifest.xml:49:9
	android:windowSoftInputMode
		ADDED from AndroidManifest.xml:51:13
	android:name
		ADDED from AndroidManifest.xml:50:13
activity#com.shamu11.storystudio.MadlibsSelect
ADDED from AndroidManifest.xml:53:9
	android:windowSoftInputMode
		ADDED from AndroidManifest.xml:55:13
	android:name
		ADDED from AndroidManifest.xml:54:13
activity#com.shamu11.storystudio.MadlibsPrefs
ADDED from AndroidManifest.xml:57:17
	android:windowSoftInputMode
		ADDED from AndroidManifest.xml:59:13
	android:name
		ADDED from AndroidManifest.xml:58:13
uses-permission#android.permission.INTERNET
ADDED from AndroidManifest.xml:64:5
	android:name
		ADDED from AndroidManifest.xml:64:22
uses-permission#android.permission.ACCESS_NETWORK_STATE
ADDED from AndroidManifest.xml:65:5
	android:name
		ADDED from AndroidManifest.xml:65:22